<?xml version="1.0" encoding="UTF-8"?>
<!-- Generated by org.testng.reporters.JUnitReportReporter -->
<testsuite hostname="DESKTOP-B12639A" failures="0" tests="2" name="Ecommerce.HomePageTests" time="65.228" errors="0" timestamp="2024-11-11T22:23:34 GMT-08:00" skipped="0">
  <testcase classname="Ecommerce.HomePageTests" name="testPageLoad" time="14.193"/>
  <testcase classname="Ecommerce.HomePageTests" name="testBottomLinks" time="51.035"/>
</testsuite> <!-- Ecommerce.HomePageTests -->
